Using pre-set license
Built from '2020.2/staging' branch; Version is '2020.2.6f1 (8a2143876886) revision 9052483'; Using compiler version '192528614'; Build Type 'Release'
OS: 'Windows 10 Education; OS build 18363.1440; Version 1909; 64bit' Language: 'pt' Physical Memory: 16282 MB
BatchMode: 1, IsHumanControllingUs: 0, StartBugReporterOnCrash: 0, Is64bit: 1, IsPro: 0

 COMMAND LINE ARGUMENTS:
C:\Program Files\Unity\Editor\Unity.exe
-adb2
-batchMode
-noUpm
-name
AssetImportWorker0
-projectPath
D:/Projetos/git/CharOverview/CharacterOverview
-logFile
Logs/AssetImportWorker0.log
-srvPort
65435
Successfully changed project path to: D:/Projetos/git/CharOverview/CharacterOverview
D:/Projetos/git/CharOverview/CharacterOverview
Using Asset Import Pipeline V2.
Refreshing native plugins compatible for Editor in 40.80 ms, found 0 plugins.
Preloading 0 native plugins for Editor in 0.00 ms.
Initialize engine version: 2020.2.6f1 (8a2143876886)
[Subsystems] Discovering subsystems at path C:/Program Files/Unity/Editor/Data/Resources/UnitySubsystems
[Subsystems] Discovering subsystems at path D:/Projetos/git/CharOverview/CharacterOverview/Assets
GfxDevice: creating device client; threaded=0
Direct3D:
    Version:  Direct3D 11.0 [level 11.0]
    Renderer: NVIDIA GeForce GTX 960M (ID=0x139b)
    Vendor:   
    VRAM:     2010 MB
    Driver:   27.21.14.6140
Initialize mono
Mono path[0] = 'C:/Program Files/Unity/Editor/Data/Managed'
Mono path[1] = 'C:/Program Files/Unity/Editor/Data/MonoBleedingEdge/lib/mono/unityjit'
Mono config path = 'C:/Program Files/Unity/Editor/Data/MonoBleedingEdge/etc'
Using monoOptions --debugger-agent=transport=dt_socket,embedding=1,server=y,suspend=n,address=127.0.0.1:56504
Begin MonoManager ReloadAssembly
Registering precompiled unity dll's ...
Register platform support module: C:/Program Files/Unity/Editor/Data/PlaybackEngines/WindowsStandaloneSupport/UnityEditor.WindowsStandalone.Extensions.dll
Registered in 0.002122 seconds.
Native extension for WindowsStandalone target not found
Refreshing native plugins compatible for Editor in 43.01 ms, found 0 plugins.
Preloading 0 native plugins for Editor in 0.00 ms.
Invoked RoslynAnalysisRunner static constructor.
RoslynAnalysisRunner will not be running.
RoslynAnalysisRunner has terminated.
Mono: successfully reloaded assembly
- Completed reload, in  1.149 seconds
Platform modules already initialized, skipping
Registering precompiled user dll's ...
Registered in 0.001625 seconds.
Begin MonoManager ReloadAssembly
Native extension for WindowsStandalone target not found
Refreshing native plugins compatible for Editor in 0.43 ms, found 0 plugins.
Preloading 0 native plugins for Editor in 0.00 ms.
Invoked RoslynAnalysisRunner static constructor.
RoslynAnalysisRunner will not be running.
RoslynAnalysisRunner has terminated.
Mono: successfully reloaded assembly
- Completed reload, in  1.015 seconds
Platform modules already initialized, skipping
========================================================================
Worker process is ready to serve import requests
Launched and connected shader compiler UnityShaderCompiler.exe after 0.05 seconds
Refreshing native plugins compatible for Editor in 0.42 ms, found 0 plugins.
Preloading 0 native plugins for Editor in 0.00 ms.
Unloading 1403 Unused Serialized files (Serialized files now loaded: 0)
System memory in use before: 65.2 MB.
System memory in use after: 65.3 MB.

Unloading 33 unused Assets to reduce memory usage. Loaded Objects now: 1834.
Total: 2.334800 ms (FindLiveObjects: 0.163800 ms CreateObjectMapping: 0.070400 ms MarkObjects: 1.925600 ms  DeleteObjects: 0.173900 ms)

========================================================================
Received Import Request.
  path: Assets/Kevin Iglesias/Basic Motions Pack
  artifactKey: Guid(2cb279c410b7a3e4dbf4aab42283effa) Importer(815301076,1909f56bfc062723c751e8b465ee728b)
Start importing Assets/Kevin Iglesias/Basic Motions Pack using Guid(2cb279c410b7a3e4dbf4aab42283effa) Importer(815301076,1909f56bfc062723c751e8b465ee728b)  -> (artifact id: 'd0b12bef87e5ca48e96a98a6474107a9') in 0.003642 seconds
  Import took 0.005816 seconds .

========================================================================
Received Import Request.
  Time since last request: 0.000309 seconds.
  path: Assets/Kevin Iglesias/Basic Motions Pack/Models
  artifactKey: Guid(c310a300a0358f94f81e0eeb585d6cf4) Importer(815301076,1909f56bfc062723c751e8b465ee728b)
Start importing Assets/Kevin Iglesias/Basic Motions Pack/Models using Guid(c310a300a0358f94f81e0eeb585d6cf4) Importer(815301076,1909f56bfc062723c751e8b465ee728b)  -> (artifact id: '42a9faab02e2a4941ff2f8c131ddce32') in 0.000869 seconds
  Import took 0.002817 seconds .

========================================================================
Received Import Request.
  Time since last request: 0.000208 seconds.
  path: Assets/Kevin Iglesias/Basic Motions Pack/Models/Basic Motions Dummy.fbx
  artifactKey: Guid(5917c0e93d180a842b61d1ebc62a195c) Importer(815301076,1909f56bfc062723c751e8b465ee728b)
Start importing Assets/Kevin Iglesias/Basic Motions Pack/Models/Basic Motions Dummy.fbx using Guid(5917c0e93d180a842b61d1ebc62a195c) Importer(815301076,1909f56bfc062723c751e8b465ee728b)  -> (artifact id: '9dd82442cb6cd20b09250eb6e80b6441') in 0.263415 seconds
  Import took 0.266731 seconds .

========================================================================
Received Import Request.
  Time since last request: 2.980024 seconds.
  path: Assets/Kevin Iglesias/Basic Motions Pack/Prefabs
  artifactKey: Guid(09f81d62173a5e740ac94844bbe0316e) Importer(815301076,1909f56bfc062723c751e8b465ee728b)
Start importing Assets/Kevin Iglesias/Basic Motions Pack/Prefabs using Guid(09f81d62173a5e740ac94844bbe0316e) Importer(815301076,1909f56bfc062723c751e8b465ee728b)  -> (artifact id: '168a5aa8acd08ab8dad6f55727e21d06') in 0.001109 seconds
  Import took 0.004738 seconds .

========================================================================
Received Import Request.
  Time since last request: 0.097433 seconds.
  path: Assets/Kevin Iglesias/Basic Motions Pack/Prefabs/Basic Motions Dummy - Idle.prefab
  artifactKey: Guid(c3b5979cdf315164681df5c9d08153a4) Importer(815301076,1909f56bfc062723c751e8b465ee728b)
Start importing Assets/Kevin Iglesias/Basic Motions Pack/Prefabs/Basic Motions Dummy - Idle.prefab using Guid(c3b5979cdf315164681df5c9d08153a4) Importer(815301076,1909f56bfc062723c751e8b465ee728b)  -> (artifact id: '5f705ab0592e78025aa4b45d682de8d3') in 0.032545 seconds
  Import took 0.037088 seconds .

========================================================================
Received Import Request.
  Time since last request: 0.000448 seconds.
  path: Assets/Kevin Iglesias/Basic Motions Pack/Prefabs/Basic Motions Dummy - Run.prefab
  artifactKey: Guid(f98aac9a2d9d46b43a1e3fa2fff8cecf) Importer(815301076,1909f56bfc062723c751e8b465ee728b)
Start importing Assets/Kevin Iglesias/Basic Motions Pack/Prefabs/Basic Motions Dummy - Run.prefab using Guid(f98aac9a2d9d46b43a1e3fa2fff8cecf) Importer(815301076,1909f56bfc062723c751e8b465ee728b)  -> (artifact id: 'a8d80c7a993fe2638c32ad5f11156cb1') in 0.013397 seconds
  Import took 0.016542 seconds .

========================================================================
Received Import Request.
  Time since last request: 0.000453 seconds.
  path: Assets/Kevin Iglesias/Basic Motions Pack/Prefabs/Basic Motions Dummy - Sprint.prefab
  artifactKey: Guid(bd321aca8af104c4c815e3f5ec1bc5e2) Importer(815301076,1909f56bfc062723c751e8b465ee728b)
Start importing Assets/Kevin Iglesias/Basic Motions Pack/Prefabs/Basic Motions Dummy - Sprint.prefab using Guid(bd321aca8af104c4c815e3f5ec1bc5e2) Importer(815301076,1909f56bfc062723c751e8b465ee728b)  -> (artifact id: '6f9a4ae84a0346ebe51efa9b448da57f') in 0.012221 seconds
  Import took 0.014919 seconds .

========================================================================
Received Import Request.
  Time since last request: 0.000451 seconds.
  path: Assets/Kevin Iglesias/Basic Motions Pack/Prefabs/Basic Motions Dummy - Run Backwards.prefab
  artifactKey: Guid(cdf649e1dda39be4a96921f09c284809) Importer(815301076,1909f56bfc062723c751e8b465ee728b)
Start importing Assets/Kevin Iglesias/Basic Motions Pack/Prefabs/Basic Motions Dummy - Run Backwards.prefab using Guid(cdf649e1dda39be4a96921f09c284809) Importer(815301076,1909f56bfc062723c751e8b465ee728b)  -> (artifact id: 'ec6f866222f4e23a648613ad6c22bc75') in 0.024078 seconds
  Import took 0.027466 seconds .

========================================================================
Received Import Request.
  Time since last request: 0.000313 seconds.
  path: Assets/Kevin Iglesias/Basic Motions Pack/Prefabs/Basic Motions Dummy - Walk.prefab
  artifactKey: Guid(ff187f87b5b6b5e44a37a774ddaa7d47) Importer(815301076,1909f56bfc062723c751e8b465ee728b)
Start importing Assets/Kevin Iglesias/Basic Motions Pack/Prefabs/Basic Motions Dummy - Walk.prefab using Guid(ff187f87b5b6b5e44a37a774ddaa7d47) Importer(815301076,1909f56bfc062723c751e8b465ee728b)  -> (artifact id: 'd788bbde6941518c4e6525aea401cd14') in 0.026577 seconds
  Import took 0.029886 seconds .

========================================================================
Received Import Request.
  Time since last request: 0.000309 seconds.
  path: Assets/Kevin Iglesias/Basic Motions Pack/Prefabs/Basic Motions Dummy - Jump.prefab
  artifactKey: Guid(b7b4d563a6801284ea7f3190ff6ec97f) Importer(815301076,1909f56bfc062723c751e8b465ee728b)
Start importing Assets/Kevin Iglesias/Basic Motions Pack/Prefabs/Basic Motions Dummy - Jump.prefab using Guid(b7b4d563a6801284ea7f3190ff6ec97f) Importer(815301076,1909f56bfc062723c751e8b465ee728b)  -> (artifact id: '62b8afd493bac176fd779e206877f973') in 0.024686 seconds
  Import took 0.028796 seconds .

========================================================================
Received Import Request.
  Time since last request: 14.277715 seconds.
  path: Assets/Kevin Iglesias/Basic Motions Pack/Animations
  artifactKey: Guid(7eb11f9df068c2b45bc52cfc0d6e3f25) Importer(815301076,1909f56bfc062723c751e8b465ee728b)
Start importing Assets/Kevin Iglesias/Basic Motions Pack/Animations using Guid(7eb11f9df068c2b45bc52cfc0d6e3f25) Importer(815301076,1909f56bfc062723c751e8b465ee728b)  -> (artifact id: '234ec4c66ff414f76119ddab456f588b') in 0.001348 seconds
  Import took 0.005205 seconds .

========================================================================
Received Import Request.
  Time since last request: 0.086032 seconds.
  path: Assets/Kevin Iglesias/Basic Motions Pack/Animations/BasicMotions@Idle01 - Idle02.fbx
  artifactKey: Guid(f76369a9462327a4eb446ad259708577) Importer(815301076,1909f56bfc062723c751e8b465ee728b)
Start importing Assets/Kevin Iglesias/Basic Motions Pack/Animations/BasicMotions@Idle01 - Idle02.fbx using Guid(f76369a9462327a4eb446ad259708577) Importer(815301076,1909f56bfc062723c751e8b465ee728b)  -> (artifact id: 'bcfc8fad586dec54c5c3da8f3323da2d') in 0.005784 seconds
  Import took 0.008988 seconds .

========================================================================
Received Import Request.
  Time since last request: 0.000463 seconds.
  path: Assets/Kevin Iglesias/Basic Motions Pack/Animations/BasicMotions@Idle01.fbx
  artifactKey: Guid(59a515d01e333a74c82eb5c7c8434049) Importer(815301076,1909f56bfc062723c751e8b465ee728b)
Start importing Assets/Kevin Iglesias/Basic Motions Pack/Animations/BasicMotions@Idle01.fbx using Guid(59a515d01e333a74c82eb5c7c8434049) Importer(815301076,1909f56bfc062723c751e8b465ee728b)  -> (artifact id: '3e60c346c55d1006e859e6f7fa6f3165') in 0.005167 seconds
  Import took 0.007855 seconds .

========================================================================
Received Import Request.
  Time since last request: 0.000443 seconds.
  path: Assets/Kevin Iglesias/Basic Motions Pack/Animations/BasicMotions@RunBackwards01.fbx
  artifactKey: Guid(1824a4a2dfb1f504d986afd32c89d22c) Importer(815301076,1909f56bfc062723c751e8b465ee728b)
Start importing Assets/Kevin Iglesias/Basic Motions Pack/Animations/BasicMotions@RunBackwards01.fbx using Guid(1824a4a2dfb1f504d986afd32c89d22c) Importer(815301076,1909f56bfc062723c751e8b465ee728b)  -> (artifact id: '7d28c4f9db34cd7913534c2798fdf688') in 0.005041 seconds
  Import took 0.008018 seconds .

========================================================================
Received Import Request.
  Time since last request: 0.000404 seconds.
  path: Assets/Kevin Iglesias/Basic Motions Pack/Animations/BasicMotions@Run01.fbx
  artifactKey: Guid(cdcf0f712db52854aaa116824fd83296) Importer(815301076,1909f56bfc062723c751e8b465ee728b)
Start importing Assets/Kevin Iglesias/Basic Motions Pack/Animations/BasicMotions@Run01.fbx using Guid(cdcf0f712db52854aaa116824fd83296) Importer(815301076,1909f56bfc062723c751e8b465ee728b)  -> (artifact id: '7c1fd25b61b6b30e85fa092e64b93251') in 0.005229 seconds
  Import took 0.008115 seconds .

========================================================================
Received Import Request.
  Time since last request: 0.000425 seconds.
  path: Assets/Kevin Iglesias/Basic Motions Pack/Animations/BasicMotions@Idle02 - Idle01.fbx
  artifactKey: Guid(1f0b2bcd26555054ebe091c163eed39f) Importer(815301076,1909f56bfc062723c751e8b465ee728b)
Start importing Assets/Kevin Iglesias/Basic Motions Pack/Animations/BasicMotions@Idle02 - Idle01.fbx using Guid(1f0b2bcd26555054ebe091c163eed39f) Importer(815301076,1909f56bfc062723c751e8b465ee728b)  -> (artifact id: 'c5604dbc64d1f95bc5f6b59cc3504731') in 0.004312 seconds
  Import took 0.006641 seconds .

========================================================================
Received Import Request.
  Time since last request: 0.000385 seconds.
  path: Assets/Kevin Iglesias/Basic Motions Pack/Animations/BasicMotions@Jump01.fbx
  artifactKey: Guid(7f0ffdcc529388b48bf0f30b84d26263) Importer(815301076,1909f56bfc062723c751e8b465ee728b)
Start importing Assets/Kevin Iglesias/Basic Motions Pack/Animations/BasicMotions@Jump01.fbx using Guid(7f0ffdcc529388b48bf0f30b84d26263) Importer(815301076,1909f56bfc062723c751e8b465ee728b)  -> (artifact id: 'e5f6e33c7a59e8ebbe0ae159c741af8f') in 0.007896 seconds
  Import took 0.010622 seconds .

========================================================================
Received Import Request.
  Time since last request: 0.000380 seconds.
  path: Assets/Kevin Iglesias/Basic Motions Pack/Animations/BasicMotions@Walk01.fbx
  artifactKey: Guid(6e2bfa8498b0db840865dd4eb42ce0ad) Importer(815301076,1909f56bfc062723c751e8b465ee728b)
Start importing Assets/Kevin Iglesias/Basic Motions Pack/Animations/BasicMotions@Walk01.fbx using Guid(6e2bfa8498b0db840865dd4eb42ce0ad) Importer(815301076,1909f56bfc062723c751e8b465ee728b)  -> (artifact id: 'ea03f013390a606be951db5d93cc5619') in 0.004343 seconds
  Import took 0.006988 seconds .

========================================================================
Received Import Request.
  Time since last request: 0.000444 seconds.
  path: Assets/Kevin Iglesias/Basic Motions Pack/Animations/BasicMotions@Sprint01.fbx
  artifactKey: Guid(89b9b900b51d4df4cbe7f2a5373669ba) Importer(815301076,1909f56bfc062723c751e8b465ee728b)
Start importing Assets/Kevin Iglesias/Basic Motions Pack/Animations/BasicMotions@Sprint01.fbx using Guid(89b9b900b51d4df4cbe7f2a5373669ba) Importer(815301076,1909f56bfc062723c751e8b465ee728b)  -> (artifact id: 'a446b532e75f2b3b4acfdf250a288d10') in 0.004853 seconds
  Import took 0.007599 seconds .

========================================================================
Received Import Request.
  Time since last request: 0.000354 seconds.
  path: Assets/Kevin Iglesias/Basic Motions Pack/Animations/BasicMotions@Idle02.fbx
  artifactKey: Guid(3e331de7ae1981a4d80aa5799e9b3afe) Importer(815301076,1909f56bfc062723c751e8b465ee728b)
Start importing Assets/Kevin Iglesias/Basic Motions Pack/Animations/BasicMotions@Idle02.fbx using Guid(3e331de7ae1981a4d80aa5799e9b3afe) Importer(815301076,1909f56bfc062723c751e8b465ee728b)  -> (artifact id: 'f18f7a2a51c42bce28ca52d0095f650f') in 0.005102 seconds
  Import took 0.008245 seconds .

========================================================================
Received Import Request.
  Time since last request: 21.086959 seconds.
  path: Assets/Resources/Prefabs/Soldier/Animations
  artifactKey: Guid(514e966156c8c164585dbffa77866a33) Importer(815301076,1909f56bfc062723c751e8b465ee728b)
Start importing Assets/Resources/Prefabs/Soldier/Animations using Guid(514e966156c8c164585dbffa77866a33) Importer(815301076,1909f56bfc062723c751e8b465ee728b)  -> (artifact id: 'fbcf738a35d10b720c971cd5f8be1409') in 0.001062 seconds
  Import took 0.003738 seconds .

========================================================================
Received Import Request.
  Time since last request: 7.749156 seconds.
  path: Assets/Resources/Prefabs/Soldier/Animations/Idle.fbx
  artifactKey: Guid(f76369a9462327a4eb446ad259708577) Importer(815301076,1909f56bfc062723c751e8b465ee728b)
Start importing Assets/Resources/Prefabs/Soldier/Animations/Idle.fbx using Guid(f76369a9462327a4eb446ad259708577) Importer(815301076,1909f56bfc062723c751e8b465ee728b)  -> (artifact id: '3bb2f98598e4a342d55f077dccf9c17d') in 0.005707 seconds
  Import took 0.008417 seconds .

========================================================================
Received Import Request.
  Time since last request: 0.005049 seconds.
  path: Assets/Resources/Prefabs/Soldier/Animations/Idle.fbx
  artifactKey: Guid(f76369a9462327a4eb446ad259708577) Importer(815301076,1909f56bfc062723c751e8b465ee728b)
Start importing Assets/Resources/Prefabs/Soldier/Animations/Idle.fbx using Guid(f76369a9462327a4eb446ad259708577) Importer(815301076,1909f56bfc062723c751e8b465ee728b)  -> (artifact id: '3bb2f98598e4a342d55f077dccf9c17d') in 0.005346 seconds
  Import took 0.008296 seconds .

========================================================================
Received Import Request.
  Time since last request: 2.863566 seconds.
  path: Assets/Resources/Prefabs/Soldier/SoldierAnimator.controller
  artifactKey: Guid(0b1ac7b100822e14897126fd499fe76b) Importer(815301076,1909f56bfc062723c751e8b465ee728b)
Start importing Assets/Resources/Prefabs/Soldier/SoldierAnimator.controller using Guid(0b1ac7b100822e14897126fd499fe76b) Importer(815301076,1909f56bfc062723c751e8b465ee728b)  -> (artifact id: 'bc65cfde1b65593c8550399880d1dd4a') in 0.004003 seconds
  Import took 0.007414 seconds .

========================================================================
Received Prepare
Registering precompiled user dll's ...
Registered in 0.001795 seconds.
Begin MonoManager ReloadAssembly
Native extension for WindowsStandalone target not found
Refreshing native plugins compatible for Editor in 0.40 ms, found 0 plugins.
Preloading 0 native plugins for Editor in 0.00 ms.
Invoked RoslynAnalysisRunner static constructor.
RoslynAnalysisRunner will not be running.
RoslynAnalysisRunner has terminated.
Mono: successfully reloaded assembly
- Completed reload, in  0.974 seconds
Platform modules already initialized, skipping
Refreshing native plugins compatible for Editor in 0.42 ms, found 0 plugins.
Preloading 0 native plugins for Editor in 0.00 ms.
Unloading 1397 Unused Serialized files (Serialized files now loaded: 0)
System memory in use before: 82.9 MB.
System memory in use after: 83.0 MB.

Unloading 25 unused Assets to reduce memory usage. Loaded Objects now: 1848.
Total: 2.280800 ms (FindLiveObjects: 0.184200 ms CreateObjectMapping: 0.044200 ms MarkObjects: 2.027800 ms  DeleteObjects: 0.023800 ms)

========================================================================
Received Import Request.
  Time since last request: 93.099896 seconds.
  path: Assets/Resources/Prefabs/Soldier/Animations/Idle.fbx
  artifactKey: Guid(f76369a9462327a4eb446ad259708577) Importer(815301076,1909f56bfc062723c751e8b465ee728b)
Start importing Assets/Resources/Prefabs/Soldier/Animations/Idle.fbx using Guid(f76369a9462327a4eb446ad259708577) Importer(815301076,1909f56bfc062723c751e8b465ee728b)  -> (artifact id: 'a22e73561b5c483d7dfc5a26e6c6b25e') in 0.033498 seconds
  Import took 0.036166 seconds .

========================================================================
Received Import Request.
  Time since last request: 20.203162 seconds.
  path: Assets/Kevin Iglesias/Basic Motions Pack/AnimationControllers/BasicMotions@Idle.controller
  artifactKey: Guid(a8555c0cff30527479e32562cef9141f) Importer(815301076,1909f56bfc062723c751e8b465ee728b)
Start importing Assets/Kevin Iglesias/Basic Motions Pack/AnimationControllers/BasicMotions@Idle.controller using Guid(a8555c0cff30527479e32562cef9141f) Importer(815301076,1909f56bfc062723c751e8b465ee728b)  -> (artifact id: '84c5e0791323e0b325a83280f7e8feee') in 0.009563 seconds
  Import took 0.012352 seconds .

========================================================================
Received Import Request.
  Time since last request: 13.281449 seconds.
  path: Assets/Kevin Iglesias/Basic Motions Pack/AnimationControllers
  artifactKey: Guid(2772e80ca8ca2eb438c6fad54e343aca) Importer(815301076,1909f56bfc062723c751e8b465ee728b)
Start importing Assets/Kevin Iglesias/Basic Motions Pack/AnimationControllers using Guid(2772e80ca8ca2eb438c6fad54e343aca) Importer(815301076,1909f56bfc062723c751e8b465ee728b)  -> (artifact id: 'cfc507c079e72f030f7af3d263e62d9f') in 0.001211 seconds
  Import took 0.004810 seconds .

========================================================================
Received Prepare
Registering precompiled user dll's ...
Registered in 0.001795 seconds.
Begin MonoManager ReloadAssembly
Native extension for WindowsStandalone target not found
Refreshing native plugins compatible for Editor in 0.68 ms, found 0 plugins.
Preloading 0 native plugins for Editor in 0.00 ms.
Invoked RoslynAnalysisRunner static constructor.
RoslynAnalysisRunner will not be running.
RoslynAnalysisRunner has terminated.
Mono: successfully reloaded assembly
- Completed reload, in  0.952 seconds
Platform modules already initialized, skipping
Refreshing native plugins compatible for Editor in 0.47 ms, found 0 plugins.
Preloading 0 native plugins for Editor in 0.00 ms.
Unloading 1397 Unused Serialized files (Serialized files now loaded: 0)
System memory in use before: 82.9 MB.
System memory in use after: 83.0 MB.

Unloading 24 unused Assets to reduce memory usage. Loaded Objects now: 1850.
Total: 1.801800 ms (FindLiveObjects: 0.171000 ms CreateObjectMapping: 0.136700 ms MarkObjects: 1.453300 ms  DeleteObjects: 0.040000 ms)

========================================================================
Received Import Request.
  Time since last request: 24.024424 seconds.
  path: Assets/Resources/Prefabs/Soldier/Animations/Idle.fbx
  artifactKey: Guid(59a515d01e333a74c82eb5c7c8434049) Importer(815301076,1909f56bfc062723c751e8b465ee728b)
Start importing Assets/Resources/Prefabs/Soldier/Animations/Idle.fbx using Guid(59a515d01e333a74c82eb5c7c8434049) Importer(815301076,1909f56bfc062723c751e8b465ee728b)  -> (artifact id: 'd19575ddb831ec02e1ab74ebfe7705a6') in 0.031608 seconds
  Import took 0.035032 seconds .

========================================================================
Received Prepare
Registering precompiled user dll's ...
Registered in 0.001627 seconds.
Begin MonoManager ReloadAssembly
Native extension for WindowsStandalone target not found
Refreshing native plugins compatible for Editor in 0.40 ms, found 0 plugins.
Preloading 0 native plugins for Editor in 0.00 ms.
Invoked RoslynAnalysisRunner static constructor.
RoslynAnalysisRunner will not be running.
RoslynAnalysisRunner has terminated.
Mono: successfully reloaded assembly
- Completed reload, in  0.936 seconds
Platform modules already initialized, skipping
Refreshing native plugins compatible for Editor in 0.45 ms, found 0 plugins.
Preloading 0 native plugins for Editor in 0.00 ms.
Unloading 1397 Unused Serialized files (Serialized files now loaded: 0)
System memory in use before: 83.0 MB.
System memory in use after: 83.1 MB.

Unloading 24 unused Assets to reduce memory usage. Loaded Objects now: 1852.
Total: 2.302000 ms (FindLiveObjects: 0.138500 ms CreateObjectMapping: 0.057200 ms MarkObjects: 2.041200 ms  DeleteObjects: 0.064100 ms)

========================================================================
Received Import Request.
  Time since last request: 52.988112 seconds.
  path: Assets/Resources/Prefabs/Soldier/Pref.prefab
  artifactKey: Guid(036c744b1d8bf0845a45d483e790a1dc) Importer(815301076,1909f56bfc062723c751e8b465ee728b)
Start importing Assets/Resources/Prefabs/Soldier/Pref.prefab using Guid(036c744b1d8bf0845a45d483e790a1dc) Importer(815301076,1909f56bfc062723c751e8b465ee728b)  -> (artifact id: '67f4ba22c722745b6bc3ea4fa4d709bc') in 0.222160 seconds
  Import took 0.230768 seconds .

========================================================================
Received Import Request.
  Time since last request: 2.302964 seconds.
  path: Assets/Resources/Prefabs/Soldier/Mesh.fbx
  artifactKey: Guid(535511bb156e7f54f83f305d96a1c4ce) Importer(815301076,1909f56bfc062723c751e8b465ee728b)
Start importing Assets/Resources/Prefabs/Soldier/Mesh.fbx using Guid(535511bb156e7f54f83f305d96a1c4ce) Importer(815301076,1909f56bfc062723c751e8b465ee728b)  -> (artifact id: 'a2bc09237c6fa74607992cb4fd3947d9') in 0.170637 seconds
  Import took 0.174072 seconds .

========================================================================
Received Import Request.
  Time since last request: 0.000356 seconds.
  path: Assets/Resources/Prefabs/Soldier/Pref.prefab
  artifactKey: Guid(036c744b1d8bf0845a45d483e790a1dc) Importer(815301076,1909f56bfc062723c751e8b465ee728b)
Start importing Assets/Resources/Prefabs/Soldier/Pref.prefab using Guid(036c744b1d8bf0845a45d483e790a1dc) Importer(815301076,1909f56bfc062723c751e8b465ee728b)  -> (artifact id: '378201ccba01e372d844acaa5060912d') in 0.104792 seconds
  Import took 0.114627 seconds .

========================================================================
Received Import Request.
  Time since last request: 6.296943 seconds.
  path: Assets/Resources/Prefabs/Soldier/Animator.controller
  artifactKey: Guid(0b1ac7b100822e14897126fd499fe76b) Importer(815301076,1909f56bfc062723c751e8b465ee728b)
Start importing Assets/Resources/Prefabs/Soldier/Animator.controller using Guid(0b1ac7b100822e14897126fd499fe76b) Importer(815301076,1909f56bfc062723c751e8b465ee728b)  -> (artifact id: 'd655485f886baa49a9cd95dd370ee1e9') in 0.002489 seconds
  Import took 0.005806 seconds .

========================================================================
Received Import Request.
  Time since last request: 43.190863 seconds.
  path: Assets/Resources/Prefabs/Soldier/Animations/Walk.fbx
  artifactKey: Guid(6e2bfa8498b0db840865dd4eb42ce0ad) Importer(815301076,1909f56bfc062723c751e8b465ee728b)
Start importing Assets/Resources/Prefabs/Soldier/Animations/Walk.fbx using Guid(6e2bfa8498b0db840865dd4eb42ce0ad) Importer(815301076,1909f56bfc062723c751e8b465ee728b)  -> (artifact id: '94476d2209bb941553d53ffefee9c9a9') in 0.007879 seconds
  Import took 0.010875 seconds .

========================================================================
Received Import Request.
  Time since last request: 0.008767 seconds.
  path: Assets/Resources/Prefabs/Soldier/Animations/Walk.fbx
  artifactKey: Guid(6e2bfa8498b0db840865dd4eb42ce0ad) Importer(815301076,1909f56bfc062723c751e8b465ee728b)
Start importing Assets/Resources/Prefabs/Soldier/Animations/Walk.fbx using Guid(6e2bfa8498b0db840865dd4eb42ce0ad) Importer(815301076,1909f56bfc062723c751e8b465ee728b)  -> (artifact id: '94476d2209bb941553d53ffefee9c9a9') in 0.005848 seconds
  Import took 0.009484 seconds .

========================================================================
Received Import Request.
  Time since last request: 25.760856 seconds.
  path: Assets/Resources/Prefabs/Soldier/Animations/Walk.fbx
  artifactKey: Guid(6e2bfa8498b0db840865dd4eb42ce0ad) Importer(815301076,1909f56bfc062723c751e8b465ee728b)
Start importing Assets/Resources/Prefabs/Soldier/Animations/Walk.fbx using Guid(6e2bfa8498b0db840865dd4eb42ce0ad) Importer(815301076,1909f56bfc062723c751e8b465ee728b)  -> (artifact id: '0fad0bdada071de7b814d76f29332c09') in 0.006980 seconds
  Import took 0.010603 seconds .

========================================================================
Received Import Request.
  Time since last request: 150.055658 seconds.
  path: Assets/Kevin Iglesias/Basic Motions Pack/Animations/BasicMotions@Idle01.fbx
  artifactKey: Guid(f3c314ca82128704d877990548349af5) Importer(815301076,1909f56bfc062723c751e8b465ee728b)
Start importing Assets/Kevin Iglesias/Basic Motions Pack/Animations/BasicMotions@Idle01.fbx using Guid(f3c314ca82128704d877990548349af5) Importer(815301076,1909f56bfc062723c751e8b465ee728b)  -> (artifact id: '5edc562e24ec45314bcaa70741d34e64') in 0.006376 seconds
  Import took 0.009797 seconds .

========================================================================
Received Import Request.
  Time since last request: 39.029237 seconds.
  path: Assets/Resources/Prefabs/Soldier/Animator.controller
  artifactKey: Guid(0b1ac7b100822e14897126fd499fe76b) Importer(815301076,1909f56bfc062723c751e8b465ee728b)
Start importing Assets/Resources/Prefabs/Soldier/Animator.controller using Guid(0b1ac7b100822e14897126fd499fe76b) Importer(815301076,1909f56bfc062723c751e8b465ee728b)  -> (artifact id: '781aaacc24e0dbda1680ce68144431b7') in 0.004709 seconds
  Import took 0.008274 seconds .

========================================================================
Received Import Request.
  Time since last request: 68.089281 seconds.
  path: Assets/Resources/Prefabs/Soldier/CharacterController.cs
  artifactKey: Guid(50da966e76e1c204395d270cf65beeff) Importer(815301076,1909f56bfc062723c751e8b465ee728b)
Start importing Assets/Resources/Prefabs/Soldier/CharacterController.cs using Guid(50da966e76e1c204395d270cf65beeff) Importer(815301076,1909f56bfc062723c751e8b465ee728b)  -> (artifact id: '0205082c7841265fcb8773fc685583cc') in 0.012338 seconds
  Import took 0.016227 seconds .

========================================================================
Received Prepare
Registering precompiled user dll's ...
Registered in 0.002400 seconds.
Begin MonoManager ReloadAssembly
Native extension for WindowsStandalone target not found
Refreshing native plugins compatible for Editor in 0.66 ms, found 0 plugins.
Preloading 0 native plugins for Editor in 0.00 ms.
Invoked RoslynAnalysisRunner static constructor.
RoslynAnalysisRunner will not be running.
RoslynAnalysisRunner has terminated.
Mono: successfully reloaded assembly
- Completed reload, in  1.156 seconds
Platform modules already initialized, skipping
Refreshing native plugins compatible for Editor in 0.46 ms, found 0 plugins.
Preloading 0 native plugins for Editor in 0.00 ms.
Unloading 1398 Unused Serialized files (Serialized files now loaded: 0)
System memory in use before: 83.3 MB.
System memory in use after: 83.4 MB.

Unloading 24 unused Assets to reduce memory usage. Loaded Objects now: 1889.
Total: 2.597700 ms (FindLiveObjects: 0.276000 ms CreateObjectMapping: 0.108100 ms MarkObjects: 2.188100 ms  DeleteObjects: 0.023700 ms)

========================================================================
Received Import Request.
  Time since last request: 83.192264 seconds.
  path: Assets/Resources/Prefabs/Soldier/CharacterController.cs
  artifactKey: Guid(50da966e76e1c204395d270cf65beeff) Importer(815301076,1909f56bfc062723c751e8b465ee728b)
Start importing Assets/Resources/Prefabs/Soldier/CharacterController.cs using Guid(50da966e76e1c204395d270cf65beeff) Importer(815301076,1909f56bfc062723c751e8b465ee728b)  -> (artifact id: 'a443aa65ae856ec4d43d6f4574701123') in 0.004529 seconds
  Import took 0.007752 seconds .

========================================================================
Received Import Request.
  Time since last request: 8.949469 seconds.
  path: Assets/Scripts
  artifactKey: Guid(41614b6fdf3db484e983260255f26ce9) Importer(815301076,1909f56bfc062723c751e8b465ee728b)
Start importing Assets/Scripts using Guid(41614b6fdf3db484e983260255f26ce9) Importer(815301076,1909f56bfc062723c751e8b465ee728b)  -> (artifact id: '08a018c9dbf0826a482f6f4da122d0fb') in 0.001375 seconds
  Import took 0.005219 seconds .

========================================================================
Received Prepare
Registering precompiled user dll's ...
Registered in 0.002123 seconds.
Begin MonoManager ReloadAssembly
Native extension for WindowsStandalone target not found
Refreshing native plugins compatible for Editor in 0.55 ms, found 0 plugins.
Preloading 0 native plugins for Editor in 0.00 ms.
Invoked RoslynAnalysisRunner static constructor.
RoslynAnalysisRunner will not be running.
RoslynAnalysisRunner has terminated.
Mono: successfully reloaded assembly
- Completed reload, in  1.237 seconds
Platform modules already initialized, skipping
Refreshing native plugins compatible for Editor in 0.84 ms, found 0 plugins.
Preloading 0 native plugins for Editor in 0.00 ms.
Unloading 1398 Unused Serialized files (Serialized files now loaded: 0)
System memory in use before: 83.3 MB.
System memory in use after: 83.4 MB.

Unloading 24 unused Assets to reduce memory usage. Loaded Objects now: 1891.
Total: 2.226800 ms (FindLiveObjects: 0.228400 ms CreateObjectMapping: 0.082100 ms MarkObjects: 1.883200 ms  DeleteObjects: 0.030700 ms)

AssetImportWorkerClient::OnTransportError - code=2 error=End of file
