Using pre-set license
Built from '2020.2/staging' branch; Version is '2020.2.6f1 (8a2143876886) revision 9052483'; Using compiler version '192528614'; Build Type 'Release'
OS: 'Windows 10 Home; OS build 18363.1379; Version 1909; 64bit' Language: 'pt' Physical Memory: 16298 MB
BatchMode: 1, IsHumanControllingUs: 0, StartBugReporterOnCrash: 0, Is64bit: 1, IsPro: 0

 COMMAND LINE ARGUMENTS:
C:\Program Files\Unity\Hub\Editor\2020.2.6f1\Editor\Unity.exe
-adb2
-batchMode
-noUpm
-name
AssetImportWorker0
-projectPath
C:/Users/Leandro/Documents/GitHub/CharOverview/CharacterOverview
-logFile
Logs/AssetImportWorker0.log
-srvPort
49872
Successfully changed project path to: C:/Users/Leandro/Documents/GitHub/CharOverview/CharacterOverview
C:/Users/Leandro/Documents/GitHub/CharOverview/CharacterOverview
Using Asset Import Pipeline V2.
Refreshing native plugins compatible for Editor in 34.96 ms, found 0 plugins.
Preloading 0 native plugins for Editor in 0.00 ms.
Initialize engine version: 2020.2.6f1 (8a2143876886)
[Subsystems] Discovering subsystems at path C:/Program Files/Unity/Hub/Editor/2020.2.6f1/Editor/Data/Resources/UnitySubsystems
[Subsystems] Discovering subsystems at path C:/Users/Leandro/Documents/GitHub/CharOverview/CharacterOverview/Assets
GfxDevice: creating device client; threaded=0
Direct3D:
    Version:  Direct3D 11.0 [level 11.1]
    Renderer: NVIDIA GeForce RTX 2070 SUPER (ID=0x1e84)
    Vendor:   
    VRAM:     8011 MB
    Driver:   27.21.14.6140
Initialize mono
Mono path[0] = 'C:/Program Files/Unity/Hub/Editor/2020.2.6f1/Editor/Data/Managed'
Mono path[1] = 'C:/Program Files/Unity/Hub/Editor/2020.2.6f1/Editor/Data/MonoBleedingEdge/lib/mono/unityjit'
Mono config path = 'C:/Program Files/Unity/Hub/Editor/2020.2.6f1/Editor/Data/MonoBleedingEdge/etc'
Using monoOptions --debugger-agent=transport=dt_socket,embedding=1,server=y,suspend=n,address=127.0.0.1:56224
Begin MonoManager ReloadAssembly
Registering precompiled unity dll's ...
Register platform support module: C:/Program Files/Unity/Hub/Editor/2020.2.6f1/Editor/Data/PlaybackEngines/WindowsStandaloneSupport/UnityEditor.WindowsStandalone.Extensions.dll
Registered in 0.001317 seconds.
Native extension for WindowsStandalone target not found
Refreshing native plugins compatible for Editor in 29.64 ms, found 0 plugins.
Preloading 0 native plugins for Editor in 0.00 ms.
Invoked RoslynAnalysisRunner static constructor.
RoslynAnalysisRunner will not be running.
RoslynAnalysisRunner has terminated.
Mono: successfully reloaded assembly
- Completed reload, in  1.304 seconds
Platform modules already initialized, skipping
Registering precompiled user dll's ...
Registered in 0.001479 seconds.
Begin MonoManager ReloadAssembly
Native extension for WindowsStandalone target not found
Refreshing native plugins compatible for Editor in 0.37 ms, found 0 plugins.
Preloading 0 native plugins for Editor in 0.00 ms.
Invoked RoslynAnalysisRunner static constructor.
RoslynAnalysisRunner will not be running.
RoslynAnalysisRunner has terminated.
Mono: successfully reloaded assembly
- Completed reload, in  0.697 seconds
Platform modules already initialized, skipping
========================================================================
Worker process is ready to serve import requests
Launched and connected shader compiler UnityShaderCompiler.exe after 0.03 seconds
Refreshing native plugins compatible for Editor in 0.46 ms, found 0 plugins.
Preloading 0 native plugins for Editor in 0.00 ms.
Unloading 1406 Unused Serialized files (Serialized files now loaded: 0)
System memory in use before: 66.1 MB.
System memory in use after: 66.2 MB.

Unloading 33 unused Assets to reduce memory usage. Loaded Objects now: 1838.
Total: 2.127900 ms (FindLiveObjects: 0.437200 ms CreateObjectMapping: 0.133500 ms MarkObjects: 1.482300 ms  DeleteObjects: 0.073500 ms)

========================================================================
Received Import Request.
  path: Assets/Scenes/Game/Lightmap-0_comp_light.exr
  artifactKey: Guid(6fff46d239920fb4ca17898297463d31) Importer(815301076,1909f56bfc062723c751e8b465ee728b)
Start importing Assets/Scenes/Game/Lightmap-0_comp_light.exr using Guid(6fff46d239920fb4ca17898297463d31) Importer(815301076,1909f56bfc062723c751e8b465ee728b)  -> (artifact id: '8c1a3af810130e4b775b4ff47a99d910') in 0.062284 seconds
  Import took 0.064550 seconds .

========================================================================
Received Import Request.
  Time since last request: 0.000187 seconds.
  path: Assets/Scenes/Game/LightingData.asset
  artifactKey: Guid(8e92212da56c5864d95fea2407481b00) Importer(815301076,1909f56bfc062723c751e8b465ee728b)
Start importing Assets/Scenes/Game/LightingData.asset using Guid(8e92212da56c5864d95fea2407481b00) Importer(815301076,1909f56bfc062723c751e8b465ee728b)  -> (artifact id: '2a1ba02c9072d98524a18a57f354d758') in 0.004390 seconds
  Import took 0.006452 seconds .

========================================================================
Received Import Request.
  Time since last request: 0.000192 seconds.
  path: Assets/Scenes/Game/Lightmap-1_comp_light.exr
  artifactKey: Guid(ed5cf018522156249bb2219932b2e50c) Importer(815301076,1909f56bfc062723c751e8b465ee728b)
Start importing Assets/Scenes/Game/Lightmap-1_comp_light.exr using Guid(ed5cf018522156249bb2219932b2e50c) Importer(815301076,1909f56bfc062723c751e8b465ee728b)  -> (artifact id: 'a55571e63812e90fd7e91dd4ae25b39c') in 0.005288 seconds
  Import took 0.007209 seconds .

========================================================================
Received Import Request.
  Time since last request: 0.000167 seconds.
  path: Assets/Scenes/Game/Lightmap-0_comp_dir.png
  artifactKey: Guid(8451d283c33a16c4d951d37315aa0ab7) Importer(815301076,1909f56bfc062723c751e8b465ee728b)
Start importing Assets/Scenes/Game/Lightmap-0_comp_dir.png using Guid(8451d283c33a16c4d951d37315aa0ab7) Importer(815301076,1909f56bfc062723c751e8b465ee728b)  -> (artifact id: 'b409ed9a61205b573ff2f8028a181d39') in 0.028078 seconds
  Import took 0.030024 seconds .

========================================================================
Received Import Request.
  Time since last request: 0.000252 seconds.
  path: Assets/Scenes/Game/Lightmap-1_comp_dir.png
  artifactKey: Guid(c42e4b2a2fa1c604aa896df65b755f98) Importer(815301076,1909f56bfc062723c751e8b465ee728b)
Start importing Assets/Scenes/Game/Lightmap-1_comp_dir.png using Guid(c42e4b2a2fa1c604aa896df65b755f98) Importer(815301076,1909f56bfc062723c751e8b465ee728b)  -> (artifact id: '2a9632fc022a91b46f60d149ff9adfaa') in 0.006568 seconds
  Import took 0.009203 seconds .

========================================================================
Received Import Request.
  Time since last request: 0.000187 seconds.
  path: Assets/Scenes/Game
  artifactKey: Guid(5412e983ba7a55149b23ba8e6492f34e) Importer(815301076,1909f56bfc062723c751e8b465ee728b)
Start importing Assets/Scenes/Game using Guid(5412e983ba7a55149b23ba8e6492f34e) Importer(815301076,1909f56bfc062723c751e8b465ee728b)  -> (artifact id: 'f6d39df7909ec06689d7fab6638b678e') in 0.001983 seconds
  Import took 0.004728 seconds .

========================================================================
Received Import Request.
  Time since last request: 0.000176 seconds.
  path: Assets/Scenes/Game/ReflectionProbe-0.exr
  artifactKey: Guid(40bfe04a60c2e664c9682bb47609c3d6) Importer(815301076,1909f56bfc062723c751e8b465ee728b)
Start importing Assets/Scenes/Game/ReflectionProbe-0.exr using Guid(40bfe04a60c2e664c9682bb47609c3d6) Importer(815301076,1909f56bfc062723c751e8b465ee728b)  -> (artifact id: 'ce6fb8a0ad512d0ae03fea49611d2024') in 0.032618 seconds
  Import took 0.034842 seconds .

========================================================================
Received Import Request.
  Time since last request: 0.000218 seconds.
  path: Assets/Scenes/Game/Lightmap-2_comp_light.exr
  artifactKey: Guid(384a70c95a56f0447a8bce3a06a6cb09) Importer(815301076,1909f56bfc062723c751e8b465ee728b)
Start importing Assets/Scenes/Game/Lightmap-2_comp_light.exr using Guid(384a70c95a56f0447a8bce3a06a6cb09) Importer(815301076,1909f56bfc062723c751e8b465ee728b)  -> (artifact id: '71e10b72b7016f9f09f024be7ed4faf0') in 0.005843 seconds
  Import took 0.008138 seconds .

========================================================================
Received Import Request.
  Time since last request: 0.000182 seconds.
  path: Assets/Scenes/Game/Lightmap-2_comp_dir.png
  artifactKey: Guid(b1e8e99d66e9b1d489649fc15a336173) Importer(815301076,1909f56bfc062723c751e8b465ee728b)
Start importing Assets/Scenes/Game/Lightmap-2_comp_dir.png using Guid(b1e8e99d66e9b1d489649fc15a336173) Importer(815301076,1909f56bfc062723c751e8b465ee728b)  -> (artifact id: '7fe36327764277f34fed30ea9f2fb749') in 0.004789 seconds
  Import took 0.006659 seconds .

========================================================================
Received Import Request.
  Time since last request: 6.180214 seconds.
  path: Assets/Scenes/Game.unity
  artifactKey: Guid(097cf0c429967f64d8ad142c4ac2ad74) Importer(815301076,1909f56bfc062723c751e8b465ee728b)
Start importing Assets/Scenes/Game.unity using Guid(097cf0c429967f64d8ad142c4ac2ad74) Importer(815301076,1909f56bfc062723c751e8b465ee728b)  -> (artifact id: 'dae62303f4a381263c69675f39e26ccf') in 0.002172 seconds
  Import took 0.004680 seconds .

========================================================================
Received Import Request.
  Time since last request: 0.000190 seconds.
  path: Assets/Scenes/Game.unity
  artifactKey: Guid(097cf0c429967f64d8ad142c4ac2ad74) Importer(815301076,1909f56bfc062723c751e8b465ee728b)
Start importing Assets/Scenes/Game.unity using Guid(097cf0c429967f64d8ad142c4ac2ad74) Importer(815301076,1909f56bfc062723c751e8b465ee728b)  -> (artifact id: 'dae62303f4a381263c69675f39e26ccf') in 0.001518 seconds
  Import took 0.003399 seconds .

========================================================================
Received Import Request.
  Time since last request: 309.327615 seconds.
  path: Assets/Resources/BG_Music.wav
  artifactKey: Guid(4cf4965fbebfde0459c28b1be006fc82) Importer(815301076,1909f56bfc062723c751e8b465ee728b)
Start importing Assets/Resources/BG_Music.wav using Guid(4cf4965fbebfde0459c28b1be006fc82) Importer(815301076,1909f56bfc062723c751e8b465ee728b)  -> (artifact id: '8dabbbf61b2afb7b073fe6011b0b0d46') in 0.026895 seconds
  Import took 0.031647 seconds .

========================================================================
Received Import Request.
  Time since last request: 9.664490 seconds.
  path: Assets/Resources/Music
  artifactKey: Guid(b41f0a8c5e72ff24c801e9fb0f58d381) Importer(815301076,1909f56bfc062723c751e8b465ee728b)
Start importing Assets/Resources/Music using Guid(b41f0a8c5e72ff24c801e9fb0f58d381) Importer(815301076,1909f56bfc062723c751e8b465ee728b)  -> (artifact id: '56e58e6cc984360bbb35f078b747a302') in 0.001566 seconds
  Import took 0.003532 seconds .

========================================================================
Received Prepare
Registering precompiled user dll's ...
Registered in 0.001420 seconds.
Begin MonoManager ReloadAssembly
Native extension for WindowsStandalone target not found
Refreshing native plugins compatible for Editor in 0.41 ms, found 0 plugins.
Preloading 0 native plugins for Editor in 0.00 ms.
Invoked RoslynAnalysisRunner static constructor.
RoslynAnalysisRunner will not be running.
RoslynAnalysisRunner has terminated.
Mono: successfully reloaded assembly
- Completed reload, in  0.657 seconds
Platform modules already initialized, skipping
Refreshing native plugins compatible for Editor in 0.39 ms, found 0 plugins.
Preloading 0 native plugins for Editor in 0.00 ms.
Unloading 1400 Unused Serialized files (Serialized files now loaded: 0)
System memory in use before: 69.4 MB.
System memory in use after: 69.5 MB.

Unloading 24 unused Assets to reduce memory usage. Loaded Objects now: 1877.
Total: 1.745400 ms (FindLiveObjects: 0.190200 ms CreateObjectMapping: 0.034000 ms MarkObjects: 1.494300 ms  DeleteObjects: 0.024900 ms)

========================================================================
Received Prepare
Registering precompiled user dll's ...
Registered in 0.001735 seconds.
Begin MonoManager ReloadAssembly
Native extension for WindowsStandalone target not found
Refreshing native plugins compatible for Editor in 0.39 ms, found 0 plugins.
Preloading 0 native plugins for Editor in 0.00 ms.
Invoked RoslynAnalysisRunner static constructor.
RoslynAnalysisRunner will not be running.
RoslynAnalysisRunner has terminated.
Mono: successfully reloaded assembly
- Completed reload, in  0.667 seconds
Platform modules already initialized, skipping
Refreshing native plugins compatible for Editor in 0.39 ms, found 0 plugins.
Preloading 0 native plugins for Editor in 0.00 ms.
Unloading 1400 Unused Serialized files (Serialized files now loaded: 0)
System memory in use before: 69.5 MB.
System memory in use after: 69.6 MB.

Unloading 24 unused Assets to reduce memory usage. Loaded Objects now: 1879.
Total: 2.103200 ms (FindLiveObjects: 0.172700 ms CreateObjectMapping: 0.030400 ms MarkObjects: 1.880600 ms  DeleteObjects: 0.018400 ms)

========================================================================
Received Prepare
Registering precompiled user dll's ...
Registered in 0.001368 seconds.
Begin MonoManager ReloadAssembly
Native extension for WindowsStandalone target not found
Refreshing native plugins compatible for Editor in 0.42 ms, found 0 plugins.
Preloading 0 native plugins for Editor in 0.00 ms.
Invoked RoslynAnalysisRunner static constructor.
RoslynAnalysisRunner will not be running.
RoslynAnalysisRunner has terminated.
Mono: successfully reloaded assembly
- Completed reload, in  0.656 seconds
Platform modules already initialized, skipping
Refreshing native plugins compatible for Editor in 0.39 ms, found 0 plugins.
Preloading 0 native plugins for Editor in 0.00 ms.
Unloading 1400 Unused Serialized files (Serialized files now loaded: 0)
System memory in use before: 69.5 MB.
System memory in use after: 69.6 MB.

Unloading 24 unused Assets to reduce memory usage. Loaded Objects now: 1881.
Total: 2.141000 ms (FindLiveObjects: 0.194700 ms CreateObjectMapping: 0.032000 ms MarkObjects: 1.895000 ms  DeleteObjects: 0.018100 ms)

========================================================================
Received Prepare
Registering precompiled user dll's ...
Registered in 0.001396 seconds.
Begin MonoManager ReloadAssembly
Native extension for WindowsStandalone target not found
Refreshing native plugins compatible for Editor in 0.38 ms, found 0 plugins.
Preloading 0 native plugins for Editor in 0.00 ms.
Invoked RoslynAnalysisRunner static constructor.
RoslynAnalysisRunner will not be running.
RoslynAnalysisRunner has terminated.
Mono: successfully reloaded assembly
- Completed reload, in  0.658 seconds
Platform modules already initialized, skipping
Refreshing native plugins compatible for Editor in 0.37 ms, found 0 plugins.
Preloading 0 native plugins for Editor in 0.00 ms.
Unloading 1400 Unused Serialized files (Serialized files now loaded: 0)
System memory in use before: 69.5 MB.
System memory in use after: 69.6 MB.

Unloading 24 unused Assets to reduce memory usage. Loaded Objects now: 1883.
Total: 1.512800 ms (FindLiveObjects: 0.164100 ms CreateObjectMapping: 0.031500 ms MarkObjects: 1.300400 ms  DeleteObjects: 0.015900 ms)

AssetImportWorkerClient::OnTransportError - code=2 error=End of file
